                         Chronologic VCS (TM)
        Version M-2017.03-1_Full64 -- Sun Dec 15 12:48:26 2019
               Copyright (c) 1991-2017 by Synopsys Inc.
                         ALL RIGHTS RESERVED

This program is proprietary and confidential information of Synopsys Inc.
and may be used and disclosed only as authorized in a license agreement
controlling such use and disclosure.

Parsing design file '/cad/xmodel/xmodel_2019.09_x86_64/include/xmodel.sv'
Parsing design file '/cad/xmodel/xmodel_2019.09_x86_64/function/adc.sv'
Parsing included file '/cad/xmodel/xmodel_2019.09_x86_64/include/xmodel.h'.
Back to file '/cad/xmodel/xmodel_2019.09_x86_64/function/adc.sv'.
Parsing design file '/cad/xmodel/xmodel_2019.09_x86_64/function/exp_func.sv'
Parsing included file '/cad/xmodel/xmodel_2019.09_x86_64/include/xmodel.h'.
Back to file '/cad/xmodel/xmodel_2019.09_x86_64/function/exp_func.sv'.
Parsing design file '/cad/xmodel/xmodel_2019.09_x86_64/function/buffer.sv'
Parsing included file '/cad/xmodel/xmodel_2019.09_x86_64/include/xmodel.h'.
Back to file '/cad/xmodel/xmodel_2019.09_x86_64/function/buffer.sv'.
Parsing design file '/cad/xmodel/xmodel_2019.09_x86_64/function/compare.sv'
Parsing included file '/cad/xmodel/xmodel_2019.09_x86_64/include/xmodel.h'.
Back to file '/cad/xmodel/xmodel_2019.09_x86_64/function/compare.sv'.
Parsing design file '/cad/xmodel/xmodel_2019.09_x86_64/function/delay.sv'
Parsing included file '/cad/xmodel/xmodel_2019.09_x86_64/include/xmodel.h'.
Back to file '/cad/xmodel/xmodel_2019.09_x86_64/function/delay.sv'.
Parsing design file '/cad/xmodel/xmodel_2019.09_x86_64/function/dac.sv'
Parsing included file '/cad/xmodel/xmodel_2019.09_x86_64/include/xmodel.h'.
Back to file '/cad/xmodel/xmodel_2019.09_x86_64/function/dac.sv'.
Parsing design file '/cad/xmodel/xmodel_2019.09_x86_64/function/filter_fir.sv'
Parsing included file '/cad/xmodel/xmodel_2019.09_x86_64/include/xmodel.h'.
Back to file '/cad/xmodel/xmodel_2019.09_x86_64/function/filter_fir.sv'.
Parsing design file '/cad/xmodel/xmodel_2019.09_x86_64/function/filter.sv'
Parsing included file '/cad/xmodel/xmodel_2019.09_x86_64/include/xmodel.h'.
Back to file '/cad/xmodel/xmodel_2019.09_x86_64/function/filter.sv'.
Parsing design file '/cad/xmodel/xmodel_2019.09_x86_64/function/add.sv'
Parsing included file '/cad/xmodel/xmodel_2019.09_x86_64/include/xmodel.h'.
Back to file '/cad/xmodel/xmodel_2019.09_x86_64/function/add.sv'.
Parsing design file '/cad/xmodel/xmodel_2019.09_x86_64/function/delay_var.sv'
Parsing included file '/cad/xmodel/xmodel_2019.09_x86_64/include/xmodel.h'.
Back to file '/cad/xmodel/xmodel_2019.09_x86_64/function/delay_var.sv'.
Parsing design file '/cad/xmodel/xmodel_2019.09_x86_64/function/integ.sv'
Parsing included file '/cad/xmodel/xmodel_2019.09_x86_64/include/xmodel.h'.
Back to file '/cad/xmodel/xmodel_2019.09_x86_64/function/integ.sv'.
Parsing design file '/cad/xmodel/xmodel_2019.09_x86_64/function/filter_var.sv'
Parsing included file '/cad/xmodel/xmodel_2019.09_x86_64/include/xmodel.h'.
Back to file '/cad/xmodel/xmodel_2019.09_x86_64/function/filter_var.sv'.
Parsing design file '/cad/xmodel/xmodel_2019.09_x86_64/function/ilo.sv'
Parsing included file '/cad/xmodel/xmodel_2019.09_x86_64/include/xmodel.h'.
Back to file '/cad/xmodel/xmodel_2019.09_x86_64/function/ilo.sv'.
Parsing design file '/cad/xmodel/xmodel_2019.09_x86_64/function/multiply.sv'
Parsing included file '/cad/xmodel/xmodel_2019.09_x86_64/include/xmodel.h'.
Back to file '/cad/xmodel/xmodel_2019.09_x86_64/function/multiply.sv'.
Parsing design file '/cad/xmodel/xmodel_2019.09_x86_64/function/sin_func.sv'
Parsing included file '/cad/xmodel/xmodel_2019.09_x86_64/include/xmodel.h'.
Back to file '/cad/xmodel/xmodel_2019.09_x86_64/function/sin_func.sv'.
Parsing design file '/cad/xmodel/xmodel_2019.09_x86_64/function/sample.sv'
Parsing included file '/cad/xmodel/xmodel_2019.09_x86_64/include/xmodel.h'.
Back to file '/cad/xmodel/xmodel_2019.09_x86_64/function/sample.sv'.
Parsing design file '/cad/xmodel/xmodel_2019.09_x86_64/function/limit.sv'
Parsing included file '/cad/xmodel/xmodel_2019.09_x86_64/include/xmodel.h'.
Back to file '/cad/xmodel/xmodel_2019.09_x86_64/function/limit.sv'.
Parsing design file '/cad/xmodel/xmodel_2019.09_x86_64/function/poly_func.sv'
Parsing included file '/cad/xmodel/xmodel_2019.09_x86_64/include/xmodel.h'.
Back to file '/cad/xmodel/xmodel_2019.09_x86_64/function/poly_func.sv'.
Parsing design file '/cad/xmodel/xmodel_2019.09_x86_64/function/power.sv'
Parsing included file '/cad/xmodel/xmodel_2019.09_x86_64/include/xmodel.h'.
Back to file '/cad/xmodel/xmodel_2019.09_x86_64/function/power.sv'.
Parsing design file '/cad/xmodel/xmodel_2019.09_x86_64/function/select.sv'
Parsing included file '/cad/xmodel/xmodel_2019.09_x86_64/include/xmodel.h'.
Back to file '/cad/xmodel/xmodel_2019.09_x86_64/function/select.sv'.
Parsing design file '/cad/xmodel/xmodel_2019.09_x86_64/function/integ_mod.sv'
Parsing included file '/cad/xmodel/xmodel_2019.09_x86_64/include/xmodel.h'.
Back to file '/cad/xmodel/xmodel_2019.09_x86_64/function/integ_mod.sv'.
Parsing design file '/cad/xmodel/xmodel_2019.09_x86_64/function/scale.sv'
Parsing included file '/cad/xmodel/xmodel_2019.09_x86_64/include/xmodel.h'.
Back to file '/cad/xmodel/xmodel_2019.09_x86_64/function/scale.sv'.
Parsing design file '/cad/xmodel/xmodel_2019.09_x86_64/function/pwl_func.sv'
Parsing included file '/cad/xmodel/xmodel_2019.09_x86_64/include/xmodel.h'.
Back to file '/cad/xmodel/xmodel_2019.09_x86_64/function/pwl_func.sv'.
Parsing design file '/cad/xmodel/xmodel_2019.09_x86_64/function/slice.sv'
Parsing included file '/cad/xmodel/xmodel_2019.09_x86_64/include/xmodel.h'.
Back to file '/cad/xmodel/xmodel_2019.09_x86_64/function/slice.sv'.
Parsing design file '/cad/xmodel/xmodel_2019.09_x86_64/function/transition.sv'
Parsing included file '/cad/xmodel/xmodel_2019.09_x86_64/include/xmodel.h'.
Back to file '/cad/xmodel/xmodel_2019.09_x86_64/function/transition.sv'.
Parsing design file '/cad/xmodel/xmodel_2019.09_x86_64/function/deriv.sv'
Parsing included file '/cad/xmodel/xmodel_2019.09_x86_64/include/xmodel.h'.
Back to file '/cad/xmodel/xmodel_2019.09_x86_64/function/deriv.sv'.
Parsing design file '/cad/xmodel/xmodel_2019.09_x86_64/gate/and2_xbit.sv'
Parsing included file '/cad/xmodel/xmodel_2019.09_x86_64/include/xmodel.h'.
Back to file '/cad/xmodel/xmodel_2019.09_x86_64/gate/and2_xbit.sv'.
Parsing design file '/cad/xmodel/xmodel_2019.09_x86_64/gate/and_xbit.sv'
Parsing included file '/cad/xmodel/xmodel_2019.09_x86_64/include/xmodel.h'.
Back to file '/cad/xmodel/xmodel_2019.09_x86_64/gate/and_xbit.sv'.
Parsing design file '/cad/xmodel/xmodel_2019.09_x86_64/gate/buf_xbit.sv'
Parsing included file '/cad/xmodel/xmodel_2019.09_x86_64/include/xmodel.h'.
Back to file '/cad/xmodel/xmodel_2019.09_x86_64/gate/buf_xbit.sv'.
Parsing design file '/cad/xmodel/xmodel_2019.09_x86_64/gate/const_xbit.sv'
Parsing included file '/cad/xmodel/xmodel_2019.09_x86_64/include/xmodel.h'.
Back to file '/cad/xmodel/xmodel_2019.09_x86_64/gate/const_xbit.sv'.
Parsing design file '/cad/xmodel/xmodel_2019.09_x86_64/gate/delay_xbit.sv'
Parsing included file '/cad/xmodel/xmodel_2019.09_x86_64/include/xmodel.h'.
Back to file '/cad/xmodel/xmodel_2019.09_x86_64/gate/delay_xbit.sv'.
Parsing design file '/cad/xmodel/xmodel_2019.09_x86_64/gate/inv_xbit.sv'
Parsing included file '/cad/xmodel/xmodel_2019.09_x86_64/include/xmodel.h'.
Back to file '/cad/xmodel/xmodel_2019.09_x86_64/gate/inv_xbit.sv'.
Parsing design file '/cad/xmodel/xmodel_2019.09_x86_64/gate/dff_rst_async_xbit.sv'
Parsing included file '/cad/xmodel/xmodel_2019.09_x86_64/include/xmodel.h'.
Back to file '/cad/xmodel/xmodel_2019.09_x86_64/gate/dff_rst_async_xbit.sv'.
Parsing design file '/cad/xmodel/xmodel_2019.09_x86_64/gate/latch_xbit.sv'
Parsing included file '/cad/xmodel/xmodel_2019.09_x86_64/include/xmodel.h'.
Back to file '/cad/xmodel/xmodel_2019.09_x86_64/gate/latch_xbit.sv'.
Parsing design file '/cad/xmodel/xmodel_2019.09_x86_64/gate/mux_xbit.sv'
Parsing included file '/cad/xmodel/xmodel_2019.09_x86_64/include/xmodel.h'.
Back to file '/cad/xmodel/xmodel_2019.09_x86_64/gate/mux_xbit.sv'.
Parsing design file '/cad/xmodel/xmodel_2019.09_x86_64/gate/dff_rst_sync_xbit.sv'
Parsing included file '/cad/xmodel/xmodel_2019.09_x86_64/include/xmodel.h'.
Back to file '/cad/xmodel/xmodel_2019.09_x86_64/gate/dff_rst_sync_xbit.sv'.
Parsing design file '/cad/xmodel/xmodel_2019.09_x86_64/gate/nand2_xbit.sv'
Parsing included file '/cad/xmodel/xmodel_2019.09_x86_64/include/xmodel.h'.
Back to file '/cad/xmodel/xmodel_2019.09_x86_64/gate/nand2_xbit.sv'.
Parsing design file '/cad/xmodel/xmodel_2019.09_x86_64/gate/nand_xbit.sv'
Parsing included file '/cad/xmodel/xmodel_2019.09_x86_64/include/xmodel.h'.
Back to file '/cad/xmodel/xmodel_2019.09_x86_64/gate/nand_xbit.sv'.
Parsing design file '/cad/xmodel/xmodel_2019.09_x86_64/gate/dff_xbit.sv'
Parsing included file '/cad/xmodel/xmodel_2019.09_x86_64/include/xmodel.h'.
Back to file '/cad/xmodel/xmodel_2019.09_x86_64/gate/dff_xbit.sv'.
Parsing design file '/cad/xmodel/xmodel_2019.09_x86_64/gate/nor2_xbit.sv'
Parsing included file '/cad/xmodel/xmodel_2019.09_x86_64/include/xmodel.h'.
Back to file '/cad/xmodel/xmodel_2019.09_x86_64/gate/nor2_xbit.sv'.
Parsing design file '/cad/xmodel/xmodel_2019.09_x86_64/gate/nor_xbit.sv'
Parsing included file '/cad/xmodel/xmodel_2019.09_x86_64/include/xmodel.h'.
Back to file '/cad/xmodel/xmodel_2019.09_x86_64/gate/nor_xbit.sv'.
Parsing design file '/cad/xmodel/xmodel_2019.09_x86_64/gate/or2_xbit.sv'
Parsing included file '/cad/xmodel/xmodel_2019.09_x86_64/include/xmodel.h'.
Back to file '/cad/xmodel/xmodel_2019.09_x86_64/gate/or2_xbit.sv'.
Parsing design file '/cad/xmodel/xmodel_2019.09_x86_64/gate/or_xbit.sv'
Parsing included file '/cad/xmodel/xmodel_2019.09_x86_64/include/xmodel.h'.
Back to file '/cad/xmodel/xmodel_2019.09_x86_64/gate/or_xbit.sv'.
Parsing design file '/cad/xmodel/xmodel_2019.09_x86_64/gate/tribuf_xbit.sv'
Parsing included file '/cad/xmodel/xmodel_2019.09_x86_64/include/xmodel.h'.
Back to file '/cad/xmodel/xmodel_2019.09_x86_64/gate/tribuf_xbit.sv'.
Parsing design file '/cad/xmodel/xmodel_2019.09_x86_64/gate/triinv_xbit.sv'
Parsing included file '/cad/xmodel/xmodel_2019.09_x86_64/include/xmodel.h'.
Back to file '/cad/xmodel/xmodel_2019.09_x86_64/gate/triinv_xbit.sv'.
Parsing design file '/cad/xmodel/xmodel_2019.09_x86_64/gate/xnor2_xbit.sv'
Parsing included file '/cad/xmodel/xmodel_2019.09_x86_64/include/xmodel.h'.
Back to file '/cad/xmodel/xmodel_2019.09_x86_64/gate/xnor2_xbit.sv'.
Parsing design file '/cad/xmodel/xmodel_2019.09_x86_64/gate/xnor_xbit.sv'
Parsing included file '/cad/xmodel/xmodel_2019.09_x86_64/include/xmodel.h'.
Back to file '/cad/xmodel/xmodel_2019.09_x86_64/gate/xnor_xbit.sv'.
Parsing design file '/cad/xmodel/xmodel_2019.09_x86_64/gate/xor2_xbit.sv'
Parsing included file '/cad/xmodel/xmodel_2019.09_x86_64/include/xmodel.h'.
Back to file '/cad/xmodel/xmodel_2019.09_x86_64/gate/xor2_xbit.sv'.
Parsing design file '/cad/xmodel/xmodel_2019.09_x86_64/gate/xor_xbit.sv'
Parsing included file '/cad/xmodel/xmodel_2019.09_x86_64/include/xmodel.h'.
Back to file '/cad/xmodel/xmodel_2019.09_x86_64/gate/xor_xbit.sv'.
Parsing design file '/cad/xmodel/xmodel_2019.09_x86_64/gate/dff_set_async_xbit.sv'
Parsing included file '/cad/xmodel/xmodel_2019.09_x86_64/include/xmodel.h'.
Back to file '/cad/xmodel/xmodel_2019.09_x86_64/gate/dff_set_async_xbit.sv'.
Parsing design file '/cad/xmodel/xmodel_2019.09_x86_64/gate/dff_set_sync_xbit.sv'
Parsing included file '/cad/xmodel/xmodel_2019.09_x86_64/include/xmodel.h'.
Back to file '/cad/xmodel/xmodel_2019.09_x86_64/gate/dff_set_sync_xbit.sv'.
Parsing design file '/cad/xmodel/xmodel_2019.09_x86_64/gate/interp_var_xbit.sv'
Parsing included file '/cad/xmodel/xmodel_2019.09_x86_64/include/xmodel.h'.
Back to file '/cad/xmodel/xmodel_2019.09_x86_64/gate/interp_var_xbit.sv'.
Parsing design file '/cad/xmodel/xmodel_2019.09_x86_64/gate/interp_xbit.sv'
Parsing included file '/cad/xmodel/xmodel_2019.09_x86_64/include/xmodel.h'.
Back to file '/cad/xmodel/xmodel_2019.09_x86_64/gate/interp_xbit.sv'.
Parsing design file '/cad/xmodel/xmodel_2019.09_x86_64/stim/clk_gen.sv'
Parsing included file '/cad/xmodel/xmodel_2019.09_x86_64/include/xmodel.h'.
Back to file '/cad/xmodel/xmodel_2019.09_x86_64/stim/clk_gen.sv'.
Parsing design file '/cad/xmodel/xmodel_2019.09_x86_64/stim/dc_gen.sv'
Parsing included file '/cad/xmodel/xmodel_2019.09_x86_64/include/xmodel.h'.
Back to file '/cad/xmodel/xmodel_2019.09_x86_64/stim/dc_gen.sv'.
Parsing design file '/cad/xmodel/xmodel_2019.09_x86_64/stim/exp_gen.sv'
Parsing included file '/cad/xmodel/xmodel_2019.09_x86_64/include/xmodel.h'.
Back to file '/cad/xmodel/xmodel_2019.09_x86_64/stim/exp_gen.sv'.
Parsing design file '/cad/xmodel/xmodel_2019.09_x86_64/stim/noise_gen.sv'
Parsing included file '/cad/xmodel/xmodel_2019.09_x86_64/include/xmodel.h'.
Back to file '/cad/xmodel/xmodel_2019.09_x86_64/stim/noise_gen.sv'.
Parsing design file '/cad/xmodel/xmodel_2019.09_x86_64/stim/pat_gen.sv'
Parsing included file '/cad/xmodel/xmodel_2019.09_x86_64/include/xmodel.h'.
Back to file '/cad/xmodel/xmodel_2019.09_x86_64/stim/pat_gen.sv'.
Parsing design file '/cad/xmodel/xmodel_2019.09_x86_64/stim/prbs_gen.sv'
Parsing included file '/cad/xmodel/xmodel_2019.09_x86_64/include/xmodel.h'.
Back to file '/cad/xmodel/xmodel_2019.09_x86_64/stim/prbs_gen.sv'.
Parsing design file '/cad/xmodel/xmodel_2019.09_x86_64/stim/pulse_gen.sv'
Parsing included file '/cad/xmodel/xmodel_2019.09_x86_64/include/xmodel.h'.
Back to file '/cad/xmodel/xmodel_2019.09_x86_64/stim/pulse_gen.sv'.
Parsing design file '/cad/xmodel/xmodel_2019.09_x86_64/stim/pwl_gen.sv'
Parsing included file '/cad/xmodel/xmodel_2019.09_x86_64/include/xmodel.h'.
Back to file '/cad/xmodel/xmodel_2019.09_x86_64/stim/pwl_gen.sv'.
Parsing design file '/cad/xmodel/xmodel_2019.09_x86_64/stim/sin_gen.sv'
Parsing included file '/cad/xmodel/xmodel_2019.09_x86_64/include/xmodel.h'.
Back to file '/cad/xmodel/xmodel_2019.09_x86_64/stim/sin_gen.sv'.
Parsing design file '/cad/xmodel/xmodel_2019.09_x86_64/stim/step_gen.sv'
Parsing included file '/cad/xmodel/xmodel_2019.09_x86_64/include/xmodel.h'.
Back to file '/cad/xmodel/xmodel_2019.09_x86_64/stim/step_gen.sv'.
Parsing design file '/cad/xmodel/xmodel_2019.09_x86_64/stim/replay_xbit.sv'
Parsing included file '/cad/xmodel/xmodel_2019.09_x86_64/include/xmodel.h'.
Back to file '/cad/xmodel/xmodel_2019.09_x86_64/stim/replay_xbit.sv'.
Parsing design file '/cad/xmodel/xmodel_2019.09_x86_64/stim/replay_xreal.sv'
Parsing included file '/cad/xmodel/xmodel_2019.09_x86_64/include/xmodel.h'.
Back to file '/cad/xmodel/xmodel_2019.09_x86_64/stim/replay_xreal.sv'.
Parsing design file '/cad/xmodel/xmodel_2019.09_x86_64/stim/chirp_gen.sv'
Parsing included file '/cad/xmodel/xmodel_2019.09_x86_64/include/xmodel.h'.
Back to file '/cad/xmodel/xmodel_2019.09_x86_64/stim/chirp_gen.sv'.
Parsing design file '/cad/xmodel/xmodel_2019.09_x86_64/meas/meas_avg.sv'
Parsing included file '/cad/xmodel/xmodel_2019.09_x86_64/include/xmodel.h'.
Back to file '/cad/xmodel/xmodel_2019.09_x86_64/meas/meas_avg.sv'.
Parsing design file '/cad/xmodel/xmodel_2019.09_x86_64/meas/meas_ber.sv'
Parsing included file '/cad/xmodel/xmodel_2019.09_x86_64/include/xmodel.h'.
Back to file '/cad/xmodel/xmodel_2019.09_x86_64/meas/meas_ber.sv'.
Parsing design file '/cad/xmodel/xmodel_2019.09_x86_64/meas/meas_cross.sv'
Parsing included file '/cad/xmodel/xmodel_2019.09_x86_64/include/xmodel.h'.
Back to file '/cad/xmodel/xmodel_2019.09_x86_64/meas/meas_cross.sv'.
Parsing design file '/cad/xmodel/xmodel_2019.09_x86_64/meas/meas_delay.sv'
Parsing included file '/cad/xmodel/xmodel_2019.09_x86_64/include/xmodel.h'.
Back to file '/cad/xmodel/xmodel_2019.09_x86_64/meas/meas_delay.sv'.
Parsing design file '/cad/xmodel/xmodel_2019.09_x86_64/meas/meas_deriv.sv'
Parsing included file '/cad/xmodel/xmodel_2019.09_x86_64/include/xmodel.h'.
Back to file '/cad/xmodel/xmodel_2019.09_x86_64/meas/meas_deriv.sv'.
Parsing design file '/cad/xmodel/xmodel_2019.09_x86_64/meas/meas_edge.sv'
Parsing included file '/cad/xmodel/xmodel_2019.09_x86_64/include/xmodel.h'.
Back to file '/cad/xmodel/xmodel_2019.09_x86_64/meas/meas_edge.sv'.
Parsing design file '/cad/xmodel/xmodel_2019.09_x86_64/meas/meas_fall.sv'
Parsing included file '/cad/xmodel/xmodel_2019.09_x86_64/include/xmodel.h'.
Back to file '/cad/xmodel/xmodel_2019.09_x86_64/meas/meas_fall.sv'.
Parsing design file '/cad/xmodel/xmodel_2019.09_x86_64/meas/meas_freq.sv'
Parsing included file '/cad/xmodel/xmodel_2019.09_x86_64/include/xmodel.h'.
Back to file '/cad/xmodel/xmodel_2019.09_x86_64/meas/meas_freq.sv'.
Parsing design file '/cad/xmodel/xmodel_2019.09_x86_64/meas/meas_integ.sv'
Parsing included file '/cad/xmodel/xmodel_2019.09_x86_64/include/xmodel.h'.
Back to file '/cad/xmodel/xmodel_2019.09_x86_64/meas/meas_integ.sv'.
Parsing design file '/cad/xmodel/xmodel_2019.09_x86_64/meas/meas_max.sv'
Parsing included file '/cad/xmodel/xmodel_2019.09_x86_64/include/xmodel.h'.
Back to file '/cad/xmodel/xmodel_2019.09_x86_64/meas/meas_max.sv'.
Parsing design file '/cad/xmodel/xmodel_2019.09_x86_64/meas/meas_min.sv'
Parsing included file '/cad/xmodel/xmodel_2019.09_x86_64/include/xmodel.h'.
Back to file '/cad/xmodel/xmodel_2019.09_x86_64/meas/meas_min.sv'.
Parsing design file '/cad/xmodel/xmodel_2019.09_x86_64/meas/meas_negedge.sv'
Parsing included file '/cad/xmodel/xmodel_2019.09_x86_64/include/xmodel.h'.
Back to file '/cad/xmodel/xmodel_2019.09_x86_64/meas/meas_negedge.sv'.
Parsing design file '/cad/xmodel/xmodel_2019.09_x86_64/meas/meas_period.sv'
Parsing included file '/cad/xmodel/xmodel_2019.09_x86_64/include/xmodel.h'.
Back to file '/cad/xmodel/xmodel_2019.09_x86_64/meas/meas_period.sv'.
Parsing design file '/cad/xmodel/xmodel_2019.09_x86_64/meas/meas_posedge.sv'
Parsing included file '/cad/xmodel/xmodel_2019.09_x86_64/include/xmodel.h'.
Back to file '/cad/xmodel/xmodel_2019.09_x86_64/meas/meas_posedge.sv'.
Parsing design file '/cad/xmodel/xmodel_2019.09_x86_64/meas/meas_pp.sv'
Parsing included file '/cad/xmodel/xmodel_2019.09_x86_64/include/xmodel.h'.
Back to file '/cad/xmodel/xmodel_2019.09_x86_64/meas/meas_pp.sv'.
Parsing design file '/cad/xmodel/xmodel_2019.09_x86_64/meas/meas_rise.sv'
Parsing included file '/cad/xmodel/xmodel_2019.09_x86_64/include/xmodel.h'.
Back to file '/cad/xmodel/xmodel_2019.09_x86_64/meas/meas_rise.sv'.
Parsing design file '/cad/xmodel/xmodel_2019.09_x86_64/meas/meas_rms.sv'
Parsing included file '/cad/xmodel/xmodel_2019.09_x86_64/include/xmodel.h'.
Back to file '/cad/xmodel/xmodel_2019.09_x86_64/meas/meas_rms.sv'.
Parsing design file '/cad/xmodel/xmodel_2019.09_x86_64/meas/meas_slope.sv'
Parsing included file '/cad/xmodel/xmodel_2019.09_x86_64/include/xmodel.h'.
Back to file '/cad/xmodel/xmodel_2019.09_x86_64/meas/meas_slope.sv'.
Parsing design file '/cad/xmodel/xmodel_2019.09_x86_64/meas/meas_time.sv'
Parsing included file '/cad/xmodel/xmodel_2019.09_x86_64/include/xmodel.h'.
Back to file '/cad/xmodel/xmodel_2019.09_x86_64/meas/meas_time.sv'.
Parsing design file '/cad/xmodel/xmodel_2019.09_x86_64/meas/meas_value.sv'
Parsing included file '/cad/xmodel/xmodel_2019.09_x86_64/include/xmodel.h'.
Back to file '/cad/xmodel/xmodel_2019.09_x86_64/meas/meas_value.sv'.
Parsing design file '/cad/xmodel/xmodel_2019.09_x86_64/meas/probe_ber.sv'
Parsing included file '/cad/xmodel/xmodel_2019.09_x86_64/include/xmodel.h'.
Back to file '/cad/xmodel/xmodel_2019.09_x86_64/meas/probe_ber.sv'.
Parsing design file '/cad/xmodel/xmodel_2019.09_x86_64/meas/probe_bit.sv'
Parsing included file '/cad/xmodel/xmodel_2019.09_x86_64/include/xmodel.h'.
Back to file '/cad/xmodel/xmodel_2019.09_x86_64/meas/probe_bit.sv'.
Parsing design file '/cad/xmodel/xmodel_2019.09_x86_64/meas/probe_delay.sv'
Parsing included file '/cad/xmodel/xmodel_2019.09_x86_64/include/xmodel.h'.
Back to file '/cad/xmodel/xmodel_2019.09_x86_64/meas/probe_delay.sv'.
Parsing design file '/cad/xmodel/xmodel_2019.09_x86_64/meas/probe_duty.sv'
Parsing included file '/cad/xmodel/xmodel_2019.09_x86_64/include/xmodel.h'.
Back to file '/cad/xmodel/xmodel_2019.09_x86_64/meas/probe_duty.sv'.
Parsing design file '/cad/xmodel/xmodel_2019.09_x86_64/meas/probe_freq.sv'
Parsing included file '/cad/xmodel/xmodel_2019.09_x86_64/include/xmodel.h'.
Back to file '/cad/xmodel/xmodel_2019.09_x86_64/meas/probe_freq.sv'.
Parsing design file '/cad/xmodel/xmodel_2019.09_x86_64/meas/probe_meas.sv'
Parsing included file '/cad/xmodel/xmodel_2019.09_x86_64/include/xmodel.h'.
Back to file '/cad/xmodel/xmodel_2019.09_x86_64/meas/probe_meas.sv'.
Parsing design file '/cad/xmodel/xmodel_2019.09_x86_64/meas/probe_period.sv'
Parsing included file '/cad/xmodel/xmodel_2019.09_x86_64/include/xmodel.h'.
Back to file '/cad/xmodel/xmodel_2019.09_x86_64/meas/probe_period.sv'.
Parsing design file '/cad/xmodel/xmodel_2019.09_x86_64/meas/probe_phase.sv'
Parsing included file '/cad/xmodel/xmodel_2019.09_x86_64/include/xmodel.h'.
Back to file '/cad/xmodel/xmodel_2019.09_x86_64/meas/probe_phase.sv'.
Parsing design file '/cad/xmodel/xmodel_2019.09_x86_64/meas/probe_real.sv'
Parsing included file '/cad/xmodel/xmodel_2019.09_x86_64/include/xmodel.h'.
Back to file '/cad/xmodel/xmodel_2019.09_x86_64/meas/probe_real.sv'.
Parsing design file '/cad/xmodel/xmodel_2019.09_x86_64/meas/probe_xbit.sv'
Parsing included file '/cad/xmodel/xmodel_2019.09_x86_64/include/xmodel.h'.
Back to file '/cad/xmodel/xmodel_2019.09_x86_64/meas/probe_xbit.sv'.
Parsing design file '/cad/xmodel/xmodel_2019.09_x86_64/meas/probe_xreal.sv'
Parsing included file '/cad/xmodel/xmodel_2019.09_x86_64/include/xmodel.h'.
Back to file '/cad/xmodel/xmodel_2019.09_x86_64/meas/probe_xreal.sv'.
Parsing design file '/cad/xmodel/xmodel_2019.09_x86_64/meas/trig_cross.sv'
Parsing included file '/cad/xmodel/xmodel_2019.09_x86_64/include/xmodel.h'.
Back to file '/cad/xmodel/xmodel_2019.09_x86_64/meas/trig_cross.sv'.
Parsing design file '/cad/xmodel/xmodel_2019.09_x86_64/meas/trig_edge.sv'
Parsing included file '/cad/xmodel/xmodel_2019.09_x86_64/include/xmodel.h'.
Back to file '/cad/xmodel/xmodel_2019.09_x86_64/meas/trig_edge.sv'.
Parsing design file '/cad/xmodel/xmodel_2019.09_x86_64/meas/trig_fall.sv'
Parsing included file '/cad/xmodel/xmodel_2019.09_x86_64/include/xmodel.h'.
Back to file '/cad/xmodel/xmodel_2019.09_x86_64/meas/trig_fall.sv'.
Parsing design file '/cad/xmodel/xmodel_2019.09_x86_64/meas/trig_negedge.sv'
Parsing included file '/cad/xmodel/xmodel_2019.09_x86_64/include/xmodel.h'.
Back to file '/cad/xmodel/xmodel_2019.09_x86_64/meas/trig_negedge.sv'.
Parsing design file '/cad/xmodel/xmodel_2019.09_x86_64/meas/trig_posedge.sv'
Parsing included file '/cad/xmodel/xmodel_2019.09_x86_64/include/xmodel.h'.
Back to file '/cad/xmodel/xmodel_2019.09_x86_64/meas/trig_posedge.sv'.
Parsing design file '/cad/xmodel/xmodel_2019.09_x86_64/meas/trig_rise.sv'
Parsing included file '/cad/xmodel/xmodel_2019.09_x86_64/include/xmodel.h'.
Back to file '/cad/xmodel/xmodel_2019.09_x86_64/meas/trig_rise.sv'.
Parsing design file '/cad/xmodel/xmodel_2019.09_x86_64/meas/trig_time.sv'
Parsing included file '/cad/xmodel/xmodel_2019.09_x86_64/include/xmodel.h'.
Back to file '/cad/xmodel/xmodel_2019.09_x86_64/meas/trig_time.sv'.
Parsing design file '/cad/xmodel/xmodel_2019.09_x86_64/meas/probe_ac.sv'
Parsing included file '/cad/xmodel/xmodel_2019.09_x86_64/include/xmodel.h'.
Back to file '/cad/xmodel/xmodel_2019.09_x86_64/meas/probe_ac.sv'.
Parsing design file '/cad/xmodel/xmodel_2019.09_x86_64/vdt/clk_to_delay.sv'
Parsing included file '/cad/xmodel/xmodel_2019.09_x86_64/include/xmodel.h'.
Back to file '/cad/xmodel/xmodel_2019.09_x86_64/vdt/clk_to_delay.sv'.
Parsing design file '/cad/xmodel/xmodel_2019.09_x86_64/vdt/clk_to_duty.sv'
Parsing included file '/cad/xmodel/xmodel_2019.09_x86_64/include/xmodel.h'.
Back to file '/cad/xmodel/xmodel_2019.09_x86_64/vdt/clk_to_duty.sv'.
Parsing design file '/cad/xmodel/xmodel_2019.09_x86_64/vdt/clk_to_freq.sv'
Parsing included file '/cad/xmodel/xmodel_2019.09_x86_64/include/xmodel.h'.
Back to file '/cad/xmodel/xmodel_2019.09_x86_64/vdt/clk_to_freq.sv'.
Parsing design file '/cad/xmodel/xmodel_2019.09_x86_64/vdt/clk_to_period.sv'
Parsing included file '/cad/xmodel/xmodel_2019.09_x86_64/include/xmodel.h'.
Back to file '/cad/xmodel/xmodel_2019.09_x86_64/vdt/clk_to_period.sv'.
Parsing design file '/cad/xmodel/xmodel_2019.09_x86_64/vdt/clk_to_phase.sv'
Parsing included file '/cad/xmodel/xmodel_2019.09_x86_64/include/xmodel.h'.
Back to file '/cad/xmodel/xmodel_2019.09_x86_64/vdt/clk_to_phase.sv'.
Parsing design file '/cad/xmodel/xmodel_2019.09_x86_64/vdt/delay_to_clk.sv'
Parsing included file '/cad/xmodel/xmodel_2019.09_x86_64/include/xmodel.h'.
Back to file '/cad/xmodel/xmodel_2019.09_x86_64/vdt/delay_to_clk.sv'.
Parsing design file '/cad/xmodel/xmodel_2019.09_x86_64/vdt/duty_to_clk.sv'
Parsing included file '/cad/xmodel/xmodel_2019.09_x86_64/include/xmodel.h'.
Back to file '/cad/xmodel/xmodel_2019.09_x86_64/vdt/duty_to_clk.sv'.
Parsing design file '/cad/xmodel/xmodel_2019.09_x86_64/vdt/freq_to_clk.sv'
Parsing included file '/cad/xmodel/xmodel_2019.09_x86_64/include/xmodel.h'.
Back to file '/cad/xmodel/xmodel_2019.09_x86_64/vdt/freq_to_clk.sv'.
Parsing design file '/cad/xmodel/xmodel_2019.09_x86_64/vdt/period_to_clk.sv'
Parsing included file '/cad/xmodel/xmodel_2019.09_x86_64/include/xmodel.h'.
Back to file '/cad/xmodel/xmodel_2019.09_x86_64/vdt/period_to_clk.sv'.
Parsing design file '/cad/xmodel/xmodel_2019.09_x86_64/vdt/phase_to_clk.sv'
Parsing included file '/cad/xmodel/xmodel_2019.09_x86_64/include/xmodel.h'.
Back to file '/cad/xmodel/xmodel_2019.09_x86_64/vdt/phase_to_clk.sv'.
Parsing design file '/cad/xmodel/xmodel_2019.09_x86_64/connect/bit_to_real.sv'
Parsing included file '/cad/xmodel/xmodel_2019.09_x86_64/include/xmodel.h'.
Back to file '/cad/xmodel/xmodel_2019.09_x86_64/connect/bit_to_real.sv'.
Parsing design file '/cad/xmodel/xmodel_2019.09_x86_64/connect/bit_to_real_var.sv'
Parsing included file '/cad/xmodel/xmodel_2019.09_x86_64/include/xmodel.h'.
Back to file '/cad/xmodel/xmodel_2019.09_x86_64/connect/bit_to_real_var.sv'.
Parsing design file '/cad/xmodel/xmodel_2019.09_x86_64/connect/bit_to_xbit.sv'
Parsing included file '/cad/xmodel/xmodel_2019.09_x86_64/include/xmodel.h'.
Back to file '/cad/xmodel/xmodel_2019.09_x86_64/connect/bit_to_xbit.sv'.
Parsing design file '/cad/xmodel/xmodel_2019.09_x86_64/connect/bit_to_xreal.sv'
Parsing included file '/cad/xmodel/xmodel_2019.09_x86_64/include/xmodel.h'.
Back to file '/cad/xmodel/xmodel_2019.09_x86_64/connect/bit_to_xreal.sv'.
Parsing design file '/cad/xmodel/xmodel_2019.09_x86_64/connect/bit_to_xreal_var.sv'
Parsing included file '/cad/xmodel/xmodel_2019.09_x86_64/include/xmodel.h'.
Back to file '/cad/xmodel/xmodel_2019.09_x86_64/connect/bit_to_xreal_var.sv'.
Parsing design file '/cad/xmodel/xmodel_2019.09_x86_64/connect/real_to_bit.sv'
Parsing included file '/cad/xmodel/xmodel_2019.09_x86_64/include/xmodel.h'.
Back to file '/cad/xmodel/xmodel_2019.09_x86_64/connect/real_to_bit.sv'.
Parsing design file '/cad/xmodel/xmodel_2019.09_x86_64/connect/real_to_bit_var.sv'
Parsing included file '/cad/xmodel/xmodel_2019.09_x86_64/include/xmodel.h'.
Back to file '/cad/xmodel/xmodel_2019.09_x86_64/connect/real_to_bit_var.sv'.
Parsing design file '/cad/xmodel/xmodel_2019.09_x86_64/connect/real_to_xbit.sv'
Parsing included file '/cad/xmodel/xmodel_2019.09_x86_64/include/xmodel.h'.
Back to file '/cad/xmodel/xmodel_2019.09_x86_64/connect/real_to_xbit.sv'.
Parsing design file '/cad/xmodel/xmodel_2019.09_x86_64/connect/real_to_xbit_var.sv'
Parsing included file '/cad/xmodel/xmodel_2019.09_x86_64/include/xmodel.h'.
Back to file '/cad/xmodel/xmodel_2019.09_x86_64/connect/real_to_xbit_var.sv'.
Parsing design file '/cad/xmodel/xmodel_2019.09_x86_64/connect/real_to_xreal.sv'
Parsing included file '/cad/xmodel/xmodel_2019.09_x86_64/include/xmodel.h'.
Back to file '/cad/xmodel/xmodel_2019.09_x86_64/connect/real_to_xreal.sv'.
Parsing design file '/cad/xmodel/xmodel_2019.09_x86_64/connect/xbit_to_bit.sv'
Parsing included file '/cad/xmodel/xmodel_2019.09_x86_64/include/xmodel.h'.
Back to file '/cad/xmodel/xmodel_2019.09_x86_64/connect/xbit_to_bit.sv'.
Parsing design file '/cad/xmodel/xmodel_2019.09_x86_64/connect/xbit_to_real.sv'
Parsing included file '/cad/xmodel/xmodel_2019.09_x86_64/include/xmodel.h'.
Back to file '/cad/xmodel/xmodel_2019.09_x86_64/connect/xbit_to_real.sv'.
Parsing design file '/cad/xmodel/xmodel_2019.09_x86_64/connect/xbit_to_real_var.sv'
Parsing included file '/cad/xmodel/xmodel_2019.09_x86_64/include/xmodel.h'.
Back to file '/cad/xmodel/xmodel_2019.09_x86_64/connect/xbit_to_real_var.sv'.
Parsing design file '/cad/xmodel/xmodel_2019.09_x86_64/connect/xbit_to_xreal.sv'
Parsing included file '/cad/xmodel/xmodel_2019.09_x86_64/include/xmodel.h'.
Back to file '/cad/xmodel/xmodel_2019.09_x86_64/connect/xbit_to_xreal.sv'.
Parsing design file '/cad/xmodel/xmodel_2019.09_x86_64/connect/xbit_to_xreal_var.sv'
Parsing included file '/cad/xmodel/xmodel_2019.09_x86_64/include/xmodel.h'.
Back to file '/cad/xmodel/xmodel_2019.09_x86_64/connect/xbit_to_xreal_var.sv'.
Parsing design file '/cad/xmodel/xmodel_2019.09_x86_64/connect/xreal_to_bit.sv'
Parsing included file '/cad/xmodel/xmodel_2019.09_x86_64/include/xmodel.h'.
Back to file '/cad/xmodel/xmodel_2019.09_x86_64/connect/xreal_to_bit.sv'.
Parsing design file '/cad/xmodel/xmodel_2019.09_x86_64/connect/xreal_to_bit_var.sv'
Parsing included file '/cad/xmodel/xmodel_2019.09_x86_64/include/xmodel.h'.
Back to file '/cad/xmodel/xmodel_2019.09_x86_64/connect/xreal_to_bit_var.sv'.
Parsing design file '/cad/xmodel/xmodel_2019.09_x86_64/connect/xreal_to_real.sv'
Parsing included file '/cad/xmodel/xmodel_2019.09_x86_64/include/xmodel.h'.
Back to file '/cad/xmodel/xmodel_2019.09_x86_64/connect/xreal_to_real.sv'.
Parsing design file '/cad/xmodel/xmodel_2019.09_x86_64/connect/xreal_to_xbit.sv'
Parsing included file '/cad/xmodel/xmodel_2019.09_x86_64/include/xmodel.h'.
Back to file '/cad/xmodel/xmodel_2019.09_x86_64/connect/xreal_to_xbit.sv'.
Parsing design file '/cad/xmodel/xmodel_2019.09_x86_64/connect/xreal_to_xbit_var.sv'
Parsing included file '/cad/xmodel/xmodel_2019.09_x86_64/include/xmodel.h'.
Back to file '/cad/xmodel/xmodel_2019.09_x86_64/connect/xreal_to_xbit_var.sv'.
Parsing design file '/cad/xmodel/xmodel_2019.09_x86_64/circuit/cap_idx.sv'
Parsing included file '/cad/xmodel/xmodel_2019.09_x86_64/include/xmodel.h'.
Back to file '/cad/xmodel/xmodel_2019.09_x86_64/circuit/cap_idx.sv'.
Parsing design file '/cad/xmodel/xmodel_2019.09_x86_64/circuit/resistor.sv'
Parsing included file '/cad/xmodel/xmodel_2019.09_x86_64/include/xmodel.h'.
Back to file '/cad/xmodel/xmodel_2019.09_x86_64/circuit/resistor.sv'.
Parsing design file '/cad/xmodel/xmodel_2019.09_x86_64/circuit/cap_sw.sv'
Parsing included file '/cad/xmodel/xmodel_2019.09_x86_64/include/xmodel.h'.
Back to file '/cad/xmodel/xmodel_2019.09_x86_64/circuit/cap_sw.sv'.
Parsing design file '/cad/xmodel/xmodel_2019.09_x86_64/circuit/cap_var.sv'
Parsing included file '/cad/xmodel/xmodel_2019.09_x86_64/include/xmodel.h'.
Back to file '/cad/xmodel/xmodel_2019.09_x86_64/circuit/cap_var.sv'.
Parsing design file '/cad/xmodel/xmodel_2019.09_x86_64/circuit/ind_idx.sv'
Parsing included file '/cad/xmodel/xmodel_2019.09_x86_64/include/xmodel.h'.
Back to file '/cad/xmodel/xmodel_2019.09_x86_64/circuit/ind_idx.sv'.
Parsing design file '/cad/xmodel/xmodel_2019.09_x86_64/circuit/mscale.sv'
Parsing included file '/cad/xmodel/xmodel_2019.09_x86_64/include/xmodel.h'.
Back to file '/cad/xmodel/xmodel_2019.09_x86_64/circuit/mscale.sv'.
Parsing design file '/cad/xmodel/xmodel_2019.09_x86_64/circuit/capacitor.sv'
Parsing included file '/cad/xmodel/xmodel_2019.09_x86_64/include/xmodel.h'.
Back to file '/cad/xmodel/xmodel_2019.09_x86_64/circuit/capacitor.sv'.
Parsing design file '/cad/xmodel/xmodel_2019.09_x86_64/circuit/cccs.sv'
Parsing included file '/cad/xmodel/xmodel_2019.09_x86_64/include/xmodel.h'.
Back to file '/cad/xmodel/xmodel_2019.09_x86_64/circuit/cccs.sv'.
Parsing design file '/cad/xmodel/xmodel_2019.09_x86_64/circuit/res_idx.sv'
Parsing included file '/cad/xmodel/xmodel_2019.09_x86_64/include/xmodel.h'.
Back to file '/cad/xmodel/xmodel_2019.09_x86_64/circuit/res_idx.sv'.
Parsing design file '/cad/xmodel/xmodel_2019.09_x86_64/circuit/ccvs.sv'
Parsing included file '/cad/xmodel/xmodel_2019.09_x86_64/include/xmodel.h'.
Back to file '/cad/xmodel/xmodel_2019.09_x86_64/circuit/ccvs.sv'.
Parsing design file '/cad/xmodel/xmodel_2019.09_x86_64/circuit/mtline.sv'
Parsing included file '/cad/xmodel/xmodel_2019.09_x86_64/include/xmodel.h'.
Back to file '/cad/xmodel/xmodel_2019.09_x86_64/circuit/mtline.sv'.
Parsing design file '/cad/xmodel/xmodel_2019.09_x86_64/circuit/diode.sv'
Parsing included file '/cad/xmodel/xmodel_2019.09_x86_64/include/xmodel.h'.
Back to file '/cad/xmodel/xmodel_2019.09_x86_64/circuit/diode.sv'.
Parsing design file '/cad/xmodel/xmodel_2019.09_x86_64/circuit/tline.sv'
Parsing included file '/cad/xmodel/xmodel_2019.09_x86_64/include/xmodel.h'.
Back to file '/cad/xmodel/xmodel_2019.09_x86_64/circuit/tline.sv'.
Parsing design file '/cad/xmodel/xmodel_2019.09_x86_64/circuit/gm_rect.sv'
Parsing included file '/cad/xmodel/xmodel_2019.09_x86_64/include/xmodel.h'.
Back to file '/cad/xmodel/xmodel_2019.09_x86_64/circuit/gm_rect.sv'.
Parsing design file '/cad/xmodel/xmodel_2019.09_x86_64/circuit/tline_unit.sv'
Parsing included file '/cad/xmodel/xmodel_2019.09_x86_64/include/xmodel.h'.
Back to file '/cad/xmodel/xmodel_2019.09_x86_64/circuit/tline_unit.sv'.
Parsing design file '/cad/xmodel/xmodel_2019.09_x86_64/circuit/iinit.sv'
Parsing included file '/cad/xmodel/xmodel_2019.09_x86_64/include/xmodel.h'.
Back to file '/cad/xmodel/xmodel_2019.09_x86_64/circuit/iinit.sv'.
Parsing design file '/cad/xmodel/xmodel_2019.09_x86_64/circuit/ind_sw.sv'
Parsing included file '/cad/xmodel/xmodel_2019.09_x86_64/include/xmodel.h'.
Back to file '/cad/xmodel/xmodel_2019.09_x86_64/circuit/ind_sw.sv'.
Parsing design file '/cad/xmodel/xmodel_2019.09_x86_64/circuit/ind_var.sv'
Parsing included file '/cad/xmodel/xmodel_2019.09_x86_64/include/xmodel.h'.
Back to file '/cad/xmodel/xmodel_2019.09_x86_64/circuit/ind_var.sv'.
Parsing design file '/cad/xmodel/xmodel_2019.09_x86_64/circuit/inductor.sv'
Parsing included file '/cad/xmodel/xmodel_2019.09_x86_64/include/xmodel.h'.
Back to file '/cad/xmodel/xmodel_2019.09_x86_64/circuit/inductor.sv'.
Parsing design file '/cad/xmodel/xmodel_2019.09_x86_64/circuit/iprobe.sv'
Parsing included file '/cad/xmodel/xmodel_2019.09_x86_64/include/xmodel.h'.
Back to file '/cad/xmodel/xmodel_2019.09_x86_64/circuit/iprobe.sv'.
Parsing design file '/cad/xmodel/xmodel_2019.09_x86_64/circuit/isource.sv'
Parsing included file '/cad/xmodel/xmodel_2019.09_x86_64/include/xmodel.h'.
Back to file '/cad/xmodel/xmodel_2019.09_x86_64/circuit/isource.sv'.
Parsing design file '/cad/xmodel/xmodel_2019.09_x86_64/circuit/minductor.sv'
Parsing included file '/cad/xmodel/xmodel_2019.09_x86_64/include/xmodel.h'.
Back to file '/cad/xmodel/xmodel_2019.09_x86_64/circuit/minductor.sv'.
Parsing design file '/cad/xmodel/xmodel_2019.09_x86_64/circuit/nmosfet.sv'
Parsing included file '/cad/xmodel/xmodel_2019.09_x86_64/include/xmodel.h'.
Back to file '/cad/xmodel/xmodel_2019.09_x86_64/circuit/nmosfet.sv'.
Parsing design file '/cad/xmodel/xmodel_2019.09_x86_64/circuit/nmosfet_idx.sv'
Parsing included file '/cad/xmodel/xmodel_2019.09_x86_64/include/xmodel.h'.
Back to file '/cad/xmodel/xmodel_2019.09_x86_64/circuit/nmosfet_idx.sv'.
Parsing design file '/cad/xmodel/xmodel_2019.09_x86_64/circuit/pmosfet.sv'
Parsing included file '/cad/xmodel/xmodel_2019.09_x86_64/include/xmodel.h'.
Back to file '/cad/xmodel/xmodel_2019.09_x86_64/circuit/pmosfet.sv'.
Parsing design file '/cad/xmodel/xmodel_2019.09_x86_64/circuit/pmosfet_idx.sv'
Parsing included file '/cad/xmodel/xmodel_2019.09_x86_64/include/xmodel.h'.
Back to file '/cad/xmodel/xmodel_2019.09_x86_64/circuit/pmosfet_idx.sv'.
Parsing design file '/cad/xmodel/xmodel_2019.09_x86_64/circuit/res_sw.sv'
Parsing included file '/cad/xmodel/xmodel_2019.09_x86_64/include/xmodel.h'.
Back to file '/cad/xmodel/xmodel_2019.09_x86_64/circuit/res_sw.sv'.
Parsing design file '/cad/xmodel/xmodel_2019.09_x86_64/circuit/res_var.sv'
Parsing included file '/cad/xmodel/xmodel_2019.09_x86_64/include/xmodel.h'.
Back to file '/cad/xmodel/xmodel_2019.09_x86_64/circuit/res_var.sv'.
Parsing design file '/cad/xmodel/xmodel_2019.09_x86_64/circuit/switch.sv'
Parsing included file '/cad/xmodel/xmodel_2019.09_x86_64/include/xmodel.h'.
Back to file '/cad/xmodel/xmodel_2019.09_x86_64/circuit/switch.sv'.
Parsing design file '/cad/xmodel/xmodel_2019.09_x86_64/circuit/transformer.sv'
Parsing included file '/cad/xmodel/xmodel_2019.09_x86_64/include/xmodel.h'.
Back to file '/cad/xmodel/xmodel_2019.09_x86_64/circuit/transformer.sv'.
Parsing design file '/cad/xmodel/xmodel_2019.09_x86_64/circuit/vccs.sv'
Parsing included file '/cad/xmodel/xmodel_2019.09_x86_64/include/xmodel.h'.
Back to file '/cad/xmodel/xmodel_2019.09_x86_64/circuit/vccs.sv'.
Parsing design file '/cad/xmodel/xmodel_2019.09_x86_64/circuit/vcvs.sv'
Parsing included file '/cad/xmodel/xmodel_2019.09_x86_64/include/xmodel.h'.
Back to file '/cad/xmodel/xmodel_2019.09_x86_64/circuit/vcvs.sv'.
Parsing design file '/cad/xmodel/xmodel_2019.09_x86_64/circuit/vinit.sv'
Parsing included file '/cad/xmodel/xmodel_2019.09_x86_64/include/xmodel.h'.
Back to file '/cad/xmodel/xmodel_2019.09_x86_64/circuit/vinit.sv'.
Parsing design file '/cad/xmodel/xmodel_2019.09_x86_64/circuit/vprobe.sv'
Parsing included file '/cad/xmodel/xmodel_2019.09_x86_64/include/xmodel.h'.
Back to file '/cad/xmodel/xmodel_2019.09_x86_64/circuit/vprobe.sv'.
Parsing design file '/cad/xmodel/xmodel_2019.09_x86_64/circuit/vsource.sv'
Parsing included file '/cad/xmodel/xmodel_2019.09_x86_64/include/xmodel.h'.
Back to file '/cad/xmodel/xmodel_2019.09_x86_64/circuit/vsource.sv'.
Parsing design file 'tb_neuron.sv'
Parsing design file 'neuron_ref.sv'
Parsing design file 'neuron_ckt.sv'
Parsing design file 'eightbitinput_RCA.sv'
Parsing design file 'ninebitinput_RCA.sv'
Parsing design file 'tenbitinput_RCA.sv'
Parsing design file 'ReLU.sv'
Parsing design file 'eight_transistor_full_adder.sv'
Parsing design file 'TG_mux.sv'
Parsing design file 'nand2_RC.sv'
Parsing design file 'inv_RC.sv'
Top Level Modules:
       XMODEL_global
       tb_neuron
TimeScale is 10 fs / 10 fs
Starting vcs inline pass...
16 unique modules to generate
recompiling package xmodel_pkg
recompiling package xmodel_prims
recompiling package math_pkg
recompiling module add
recompiling module slice
recompiling module clk_gen
recompiling module bit_to_xreal_var
recompiling module tb_neuron
8 of 16 modules done
	However, due to incremental compilation, only 8 modules need to be compiled. 
make[1]: Entering directory `/home/student/DNEURON_FF/csrc'
rm -f _csrc*.so pre_vcsobj_*.so share_vcsobj_*.so
ld -shared  -o .//../simv.daidir//_csrc0.so objs/amcQw_d.o 
rm -f _csrc0.so
if [ -x .././simv ]; then chmod -x .././simv; fi
g++  -o .././simv   -Wl,-rpath-link=./ -Wl,-rpath='$ORIGIN'/simv.daidir/ -Wl,-rpath=./simv.daidir/ -Wl,-rpath='$ORIGIN'/simv.daidir//scsim.db.dir  -L/usr/lib/x86_64-linux-gnu -L/lib/x86_64-linux-gnu -Wl,--no-as-needed -rdynamic     _6114_archive_1.so _prev_archive_1.so _csrc0.so  SIM_l.o  _csrc0.so     rmapats_mop.o rmapats.o rmar.o rmar_nd.o  rmar_llvm_0_1.o rmar_llvm_0_0.o          /cad/synopsys/vcs/M-2017.03-1/linux64/lib/libzerosoft_rt_stubs.so /cad/synopsys/vcs/M-2017.03-1/linux64/lib/libvirsim.so /cad/synopsys/vcs/M-2017.03-1/linux64/lib/liberrorinf.so /cad/synopsys/vcs/M-2017.03-1/linux64/lib/libsnpsmalloc.so /cad/xmodel/xmodel_2019.09_x86_64/lib/x86_64/xmodel_vcs.so    /cad/synopsys/vcs/M-2017.03-1/linux64/lib/libvcsnew.so /cad/synopsys/vcs/M-2017.03-1/linux64/lib/libsimprofile.so /cad/synopsys/vcs/M-2017.03-1/linux64/lib/libuclinative.so /cad/synopsys/vcs/M-2017.03-1/linux64/lib/vcs_tls.o   -Wl,-whole-archive /cad/synopsys/vcs/M-2017.03-1/linux64/lib/libvcsucli.so -Wl,-no-whole-archive       ./../simv.daidir/vc_hdrs.o  _vcs_pli_stub_.o   /cad/synopsys/vcs/M-2017.03-1/linux64/lib/vcs_save_restore_new.o -ldl -lm  -lc -lpthread -ldl 
.././simv up to date
make[1]: Leaving directory `/home/student/DNEURON_FF/csrc'
CPU time: 2.600 seconds to compile + .027 seconds to elab + .830 seconds to link
Chronologic VCS simulator copyright 1991-2017
Contains Synopsys proprietary information.
Compiler version M-2017.03-1_Full64; Runtime version M-2017.03-1_Full64;  Dec 15 12:48 2019

    _  ____  _______  ___  ______       
   | |/_/  |/  / __ \/ _ \/ __/ /  (TM) 
  _|  |/ /|_/ / /_/ / // / _// /__      
 /_/|_/_/  /_/\____/____/___/____/  ANALOG/MIXED-SIGNAL SIMULATOR 

XMODEL Release 2019.09 (x86_64)
Copyright (c) 2012-2019 Scientific Analog, Inc.
All rights reserved and patents pending.

#FLEXlm: FEATURE 'XMODEL' has been successfully checked out.
#FLEXlm: Version: 3.1 (academic)
#FLEXlm: Expiration: 31-dec-2019
#FLEXlm: License type: network
#FLEXlm: License server: 147.46.168.92

NOTICE: this software is licensed for research and educational
purposes only and not permitted for commercial, income-producing
activities.

*NOVAS WARN* The FSDB file already exists. Overwriting the FSDB file may crash the programs that are using this file.
number of iteration:           0
                   0: ERROR detected: xxxxxxxx vs. xxxxxxxx
number of iteration:           1
number of iteration:           2
number of iteration:           3
number of iteration:           4
number of iteration:           5
number of iteration:           6
number of iteration:           7
number of iteration:           8
number of iteration:           9
number of iteration:          10
number of iteration:          11
number of iteration:          12
number of iteration:          13
number of iteration:          14
number of iteration:          15
number of iteration:          16
number of iteration:          17
number of iteration:          18
number of iteration:          19
number of iteration:          20
number of iteration:          21
number of iteration:          22
number of iteration:          23
number of iteration:          24
number of iteration:          25
number of iteration:          26
number of iteration:          27
number of iteration:          28
number of iteration:          29
number of iteration:          30
number of iteration:          31
number of iteration:          32
number of iteration:          33
number of iteration:          34
number of iteration:          35
number of iteration:          36
number of iteration:          37
number of iteration:          38
number of iteration:          39
number of iteration:          40
number of iteration:          41
number of iteration:          42
number of iteration:          43
number of iteration:          44
number of iteration:          45
number of iteration:          46
number of iteration:          47
number of iteration:          48
number of iteration:          49
number of iteration:          50
number of iteration:          51
number of iteration:          52
number of iteration:          53
number of iteration:          54
number of iteration:          55
number of iteration:          56
number of iteration:          57
number of iteration:          58
number of iteration:          59
number of iteration:          60
number of iteration:          61
number of iteration:          62
number of iteration:          63
number of iteration:          64
number of iteration:          65
number of iteration:          66
number of iteration:          67
number of iteration:          68
number of iteration:          69
number of iteration:          70
number of iteration:          71
number of iteration:          72
number of iteration:          73
number of iteration:          74
number of iteration:          75
number of iteration:          76
number of iteration:          77
number of iteration:          78
number of iteration:          79
number of iteration:          80
MEASURED POWER:-9.84868e-06
$finish called from file "tb_neuron.sv", line 115.
NUMBER OF ERRORS:           1 out of          81

$finish at simulation time             81000000
           V C S   S i m u l a t i o n   R e p o r t 
Time: 810000000 fs
CPU Time:    133.470 seconds;       Data structure size:   1.5Mb
Sun Dec 15 12:50:47 2019

*** XMODEL/VCS simulation was completed on Sun Dec 15 12:50:47 2019 (#1ac473ae).
    started at: Sun Dec 15 12:48:24 2019
    ended at  : Sun Dec 15 12:50:47 2019
    total time: 00:02.22
